2026-04-21 14:14:42,863 [erre_sandbox.cognition.cycle] DEBUG: ERRE mode transition for agent a_kant_001: deep_work üĘ peripatetic (tick=1)
2026-04-21 14:15:01,993 [erre_sandbox.cognition.cycle] DEBUG: ERRE mode transition for agent a_nietzsche_001: peripatetic üĘ deep_work (tick=2)
2026-04-21 14:15:02,000 [erre_sandbox.cognition.cycle] DEBUG: ERRE mode transition for agent a_rikyu_001: chashitsu üĘ peripatetic (tick=2)
2026-04-21 14:15:13,476 [erre_sandbox.cognition.cycle] DEBUG: ERRE mode transition for agent a_kant_001: peripatetic üĘ deep_work (tick=3)
2026-04-21 14:15:13,486 [erre_sandbox.cognition.cycle] DEBUG: ERRE mode transition for agent a_rikyu_001: peripatetic üĘ chashitsu (tick=3)
2026-04-21 14:15:29,986 [erre_sandbox.cognition.cycle] DEBUG: ERRE mode transition for agent a_nietzsche_001: deep_work üĘ peripatetic (tick=4)
2026-04-21 14:15:44,759 [erre_sandbox.cognition.cycle] DEBUG: ERRE mode transition for agent a_kant_001: deep_work üĘ peripatetic (tick=5)
2026-04-21 14:15:44,764 [erre_sandbox.cognition.cycle] DEBUG: ERRE mode transition for agent a_rikyu_001: chashitsu üĘ peripatetic (tick=5)
2026-04-21 14:16:08,838 [erre_sandbox.cognition.cycle] DEBUG: ERRE mode transition for agent a_nietzsche_001: peripatetic üĘ deep_work (tick=6)
2026-04-21 14:16:08,843 [erre_sandbox.cognition.cycle] DEBUG: ERRE mode transition for agent a_rikyu_001: peripatetic üĘ chashitsu (tick=6)
2026-04-21 14:16:08,847 [erre_sandbox.cognition.cycle] DEBUG: ERRE mode transition for agent a_kant_001: peripatetic üĘ deep_work (tick=6)
2026-04-21 14:16:30,345 [erre_sandbox.cognition.cycle] DEBUG: ERRE mode transition for agent a_rikyu_001: chashitsu üĘ peripatetic (tick=8)
2026-04-21 14:16:30,349 [erre_sandbox.cognition.cycle] DEBUG: ERRE mode transition for agent a_kant_001: deep_work üĘ peripatetic (tick=8)
2026-04-21 14:16:30,353 [erre_sandbox.cognition.cycle] DEBUG: ERRE mode transition for agent a_nietzsche_001: deep_work üĘ peripatetic (tick=8)
2026-04-21 14:17:03,868 [erre_sandbox.cognition.cycle] DEBUG: ERRE mode transition for agent a_rikyu_001: peripatetic üĘ chashitsu (tick=10)
2026-04-21 14:17:03,875 [erre_sandbox.cognition.cycle] DEBUG: ERRE mode transition for agent a_kant_001: peripatetic üĘ deep_work (tick=10)
2026-04-21 14:17:21,833 [erre_sandbox.cognition.cycle] DEBUG: ERRE mode transition for agent a_nietzsche_001: peripatetic üĘ deep_work (tick=11)
2026-04-21 14:17:31,777 [erre_sandbox.cognition.cycle] DEBUG: ERRE mode transition for agent a_rikyu_001: chashitsu üĘ peripatetic (tick=12)
2026-04-21 14:17:31,781 [erre_sandbox.cognition.cycle] DEBUG: ERRE mode transition for agent a_nietzsche_001: deep_work üĘ peripatetic (tick=12)
2026-04-21 14:17:31,785 [erre_sandbox.cognition.cycle] DEBUG: ERRE mode transition for agent a_kant_001: deep_work üĘ peripatetic (tick=12)
2026-04-21 14:18:03,539 [erre_sandbox.cognition.cycle] DEBUG: ERRE mode transition for agent a_kant_001: peripatetic üĘ deep_work (tick=13)
2026-04-21 14:18:03,545 [erre_sandbox.cognition.cycle] DEBUG: ERRE mode transition for agent a_rikyu_001: peripatetic üĘ chashitsu (tick=13)
2026-04-21 14:18:35,372 [erre_sandbox.cognition.cycle] DEBUG: ERRE mode transition for agent a_nietzsche_001: peripatetic üĘ deep_work (tick=15)
2026-04-21 14:18:49,623 [erre_sandbox.cognition.cycle] DEBUG: ERRE mode transition for agent a_rikyu_001: chashitsu üĘ peripatetic (tick=16)
2026-04-21 14:18:49,627 [erre_sandbox.cognition.cycle] DEBUG: ERRE mode transition for agent a_kant_001: deep_work üĘ peripatetic (tick=16)
2026-04-21 14:18:49,631 [erre_sandbox.cognition.cycle] DEBUG: ERRE mode transition for agent a_nietzsche_001: deep_work üĘ peripatetic (tick=16)
2026-04-21 14:19:11,806 [erre_sandbox.cognition.cycle] DEBUG: ERRE mode transition for agent a_rikyu_001: peripatetic üĘ chashitsu (tick=17)
2026-04-21 14:19:11,810 [erre_sandbox.cognition.cycle] DEBUG: ERRE mode transition for agent a_nietzsche_001: peripatetic üĘ deep_work (tick=17)
2026-04-21 14:19:39,622 [erre_sandbox.cognition.cycle] DEBUG: ERRE mode transition for agent a_kant_001: peripatetic üĘ deep_work (tick=19)
2026-04-21 14:19:39,626 [erre_sandbox.cognition.cycle] DEBUG: ERRE mode transition for agent a_rikyu_001: chashitsu üĘ peripatetic (tick=19)
2026-04-21 14:19:53,730 [erre_sandbox.cognition.cycle] DEBUG: ERRE mode transition for agent a_nietzsche_001: deep_work üĘ peripatetic (tick=20)
2026-04-21 14:19:53,736 [erre_sandbox.cognition.cycle] DEBUG: ERRE mode transition for agent a_rikyu_001: peripatetic üĘ chashitsu (tick=20)
2026-04-21 14:20:13,406 [erre_sandbox.cognition.cycle] DEBUG: ERRE mode transition for agent a_kant_001: deep_work üĘ peripatetic (tick=21)
2026-04-21 14:20:30,575 [erre_sandbox.cognition.cycle] DEBUG: ERRE mode transition for agent a_kant_001: peripatetic üĘ deep_work (tick=22)
2026-04-21 14:20:44,044 [erre_sandbox.cognition.cycle] DEBUG: ERRE mode transition for agent a_rikyu_001: chashitsu üĘ peripatetic (tick=23)
