# T20 §3 v2 gateway-kill probe — after RECONNECT_DELAY=2.0 applied
# started=2026-04-19T21:40:35+09:00 host=mikoto-g-gear branch=chore/t20-disconnect-reconnect-evidence commit=d52ee8c
# plan: T+0 probe start, T+5 gateway kill (PID 12684), T+20 gateway restart, T+70 probe end
# expectation: reconnect within 2s after gateway recovery (matches RECONNECT_DELAY=2.0)
# format: HH:MM:SS <raw_json_or_(empty)>
21:40:35 {"schema_version":"0.1.0-m2","status":"ok","active_sessions":2}
21:40:37 {"schema_version":"0.1.0-m2","status":"ok","active_sessions":2}
21:40:38 {"schema_version":"0.1.0-m2","status":"ok","active_sessions":2}
21:40:39 {"schema_version":"0.1.0-m2","status":"ok","active_sessions":2}
21:40:40 {"schema_version":"0.1.0-m2","status":"ok","active_sessions":2}
21:40:42 {"schema_version":"0.1.0-m2","status":"ok","active_sessions":2}
21:40:43 {"schema_version":"0.1.0-m2","status":"ok","active_sessions":1}
21:40:44 {"schema_version":"0.1.0-m2","status":"ok","active_sessions":2}
21:40:45 {"schema_version":"0.1.0-m2","status":"ok","active_sessions":2}
21:40:47 {"schema_version":"0.1.0-m2","status":"ok","active_sessions":2}
21:40:48 {"schema_version":"0.1.0-m2","status":"ok","active_sessions":2}
21:40:49 {"schema_version":"0.1.0-m2","status":"ok","active_sessions":2}
21:40:51 {"schema_version":"0.1.0-m2","status":"ok","active_sessions":2}
21:40:52 {"schema_version":"0.1.0-m2","status":"ok","active_sessions":2}
21:40:53 (empty)
21:40:55 (empty)
21:40:57 (empty)
21:40:59 (empty)
21:41:01 (empty)
21:41:03 (empty)
21:41:06 (empty)
21:41:08 (empty)
21:41:10 (empty)
21:41:12 (empty)
21:41:14 (empty)
21:41:16 (empty)
21:41:18 (empty)
21:41:20 (empty)
21:41:22 (empty)
21:41:24 (empty)
21:41:26 (empty)
21:41:28 (empty)
21:41:31 {"schema_version":"0.1.0-m2","status":"ok","active_sessions":0}
21:41:32 {"schema_version":"0.1.0-m2","status":"ok","active_sessions":2}
21:41:33 {"schema_version":"0.1.0-m2","status":"ok","active_sessions":2}
21:41:34 {"schema_version":"0.1.0-m2","status":"ok","active_sessions":2}
21:41:36 {"schema_version":"0.1.0-m2","status":"ok","active_sessions":2}
21:41:37 {"schema_version":"0.1.0-m2","status":"ok","active_sessions":2}
21:41:38 {"schema_version":"0.1.0-m2","status":"ok","active_sessions":2}
21:41:39 {"schema_version":"0.1.0-m2","status":"ok","active_sessions":2}
21:41:41 {"schema_version":"0.1.0-m2","status":"ok","active_sessions":2}
21:41:42 {"schema_version":"0.1.0-m2","status":"ok","active_sessions":2}
21:41:43 {"schema_version":"0.1.0-m2","status":"ok","active_sessions":2}
21:41:45 {"schema_version":"0.1.0-m2","status":"ok","active_sessions":2}
21:41:46 {"schema_version":"0.1.0-m2","status":"ok","active_sessions":2}
21:41:47 {"schema_version":"0.1.0-m2","status":"ok","active_sessions":2}
21:41:48 {"schema_version":"0.1.0-m2","status":"ok","active_sessions":2}
21:41:50 {"schema_version":"0.1.0-m2","status":"ok","active_sessions":2}
21:41:51 {"schema_version":"0.1.0-m2","status":"ok","active_sessions":2}
21:41:52 {"schema_version":"0.1.0-m2","status":"ok","active_sessions":2}
21:41:53 {"schema_version":"0.1.0-m2","status":"ok","active_sessions":2}
21:41:55 {"schema_version":"0.1.0-m2","status":"ok","active_sessions":2}
21:41:56 {"schema_version":"0.1.0-m2","status":"ok","active_sessions":2}
21:41:57 {"schema_version":"0.1.0-m2","status":"ok","active_sessions":2}
21:41:59 {"schema_version":"0.1.0-m2","status":"ok","active_sessions":2}
21:42:00 {"schema_version":"0.1.0-m2","status":"ok","active_sessions":2}
21:42:01 {"schema_version":"0.1.0-m2","status":"ok","active_sessions":2}
21:42:02 {"schema_version":"0.1.0-m2","status":"ok","active_sessions":2}
21:42:04 {"schema_version":"0.1.0-m2","status":"ok","active_sessions":2}
21:42:05 {"schema_version":"0.1.0-m2","status":"ok","active_sessions":2}
21:42:06 {"schema_version":"0.1.0-m2","status":"ok","active_sessions":2}
21:42:07 {"schema_version":"0.1.0-m2","status":"ok","active_sessions":2}
21:42:09 {"schema_version":"0.1.0-m2","status":"ok","active_sessions":2}
21:42:10 {"schema_version":"0.1.0-m2","status":"ok","active_sessions":2}
21:42:11 {"schema_version":"0.1.0-m2","status":"ok","active_sessions":2}
21:42:13 {"schema_version":"0.1.0-m2","status":"ok","active_sessions":2}
21:42:14 {"schema_version":"0.1.0-m2","status":"ok","active_sessions":2}
21:42:15 {"schema_version":"0.1.0-m2","status":"ok","active_sessions":2}
21:42:16 {"schema_version":"0.1.0-m2","status":"ok","active_sessions":2}
21:42:18 {"schema_version":"0.1.0-m2","status":"ok","active_sessions":2}
# ended=2026-04-19T21:42:19+09:00
