=== ACC-SESSION-COUNTER probe (from MacBook → G-GEAR 192.168.3.85:8000) ===
start: 2026-04-19 20:13:24 JST
target: PID 20220 (既存 gateway, foreground log なし)
--- begin probe (1Hz) ---
20:13:24 sessions=0 status=ok
20:13:25 sessions=0 status=ok
20:13:26 sessions=0 status=ok
20:13:27 sessions=0 status=ok
20:13:28 sessions=0 status=ok
20:13:29 sessions=0 status=ok
20:13:30 sessions=0 status=ok
20:13:31 sessions=0 status=ok
20:13:32 sessions=0 status=ok
20:13:34 sessions=0 status=ok
20:13:35 sessions=0 status=ok
20:13:36 sessions=0 status=ok
20:13:37 sessions=0 status=ok
20:13:38 sessions=0 status=ok
20:13:39 sessions=0 status=ok
20:13:40 sessions=0 status=ok
20:13:41 sessions=0 status=ok
20:13:42 sessions=0 status=ok
20:13:43 sessions=0 status=ok
20:13:44 sessions=0 status=ok
20:13:45 sessions=0 status=ok
20:13:46 sessions=0 status=ok
20:13:47 sessions=0 status=ok
20:13:48 sessions=0 status=ok
20:13:50 sessions=0 status=ok
20:13:51 sessions=0 status=ok
20:13:52 sessions=0 status=ok
20:13:53 sessions=0 status=ok
20:13:54 sessions=0 status=ok
20:13:55 sessions=0 status=ok
20:13:56 sessions=0 status=ok
20:13:57 sessions=0 status=ok
20:13:58 sessions=0 status=ok
20:13:59 sessions=0 status=ok
20:14:00 sessions=0 status=ok
20:14:01 sessions=0 status=ok
20:14:02 sessions=0 status=ok
20:14:03 sessions=0 status=ok
20:14:05 sessions=0 status=ok
20:14:06 sessions=0 status=ok
20:14:07 sessions=0 status=ok
20:14:08 sessions=0 status=ok
20:14:09 sessions=0 status=ok
20:14:10 sessions=0 status=ok
20:14:11 sessions=0 status=ok
20:14:12 sessions=0 status=ok
20:14:13 sessions=0 status=ok
20:14:14 sessions=0 status=ok
20:14:15 sessions=0 status=ok
20:14:16 sessions=0 status=ok
20:14:18 sessions=0 status=ok
20:14:19 sessions=0 status=ok
20:14:20 sessions=0 status=ok
20:14:21 sessions=0 status=ok
20:14:22 sessions=0 status=ok
20:14:23 sessions=0 status=ok
20:14:24 sessions=0 status=ok
20:14:25 sessions=0 status=ok
20:14:26 sessions=0 status=ok
20:14:27 sessions=0 status=ok
20:14:28 sessions=0 status=ok
20:14:30 sessions=0 status=ok
20:14:31 sessions=0 status=ok
20:14:32 sessions=0 status=ok
20:14:33 sessions=0 status=ok
20:14:34 sessions=0 status=ok
20:14:35 sessions=0 status=ok
20:14:36 sessions=0 status=ok
20:14:37 sessions=0 status=ok
20:14:38 sessions=0 status=ok
20:14:39 sessions=0 status=ok
20:14:40 sessions=0 status=ok
20:14:41 sessions=0 status=ok
20:14:42 sessions=0 status=ok
20:14:43 sessions=0 status=ok
20:14:45 sessions=0 status=ok
20:14:46 sessions=0 status=ok
20:14:47 sessions=0 status=ok
20:14:48 sessions=0 status=ok
20:14:49 sessions=0 status=ok
20:14:50 sessions=0 status=ok
20:14:51 sessions=0 status=ok
20:14:52 sessions=0 status=ok
20:14:53 sessions=0 status=ok
20:14:54 sessions=0 status=ok
20:14:55 sessions=0 status=ok
20:14:56 sessions=0 status=ok
20:14:57 sessions=0 status=ok
20:14:59 sessions=0 status=ok
20:15:00 sessions=0 status=ok
20:15:01 sessions=0 status=ok
20:15:02 sessions=0 status=ok
20:15:03 sessions=0 status=ok
20:15:04 sessions=0 status=ok
20:15:05 sessions=0 status=ok
20:15:06 sessions=0 status=ok
20:15:07 sessions=0 status=ok
20:15:08 sessions=0 status=ok
20:15:09 sessions=0 status=ok
20:15:10 sessions=0 status=ok
20:15:11 sessions=0 status=ok
20:15:12 sessions=0 status=ok
20:15:13 sessions=0 status=ok
20:15:15 sessions=0 status=ok
20:15:16 sessions=0 status=ok
20:15:17 sessions=0 status=ok
20:15:18 sessions=0 status=ok
20:15:19 sessions=0 status=ok
20:15:20 sessions=0 status=ok
20:15:21 sessions=0 status=ok
20:15:22 sessions=0 status=ok
20:15:23 sessions=0 status=ok
20:15:24 sessions=0 status=ok
20:15:25 sessions=0 status=ok
20:15:26 sessions=0 status=ok
20:15:27 sessions=0 status=ok
20:15:28 sessions=0 status=ok
20:15:30 sessions=0 status=ok
20:15:31 sessions=0 status=ok
20:15:32 sessions=0 status=ok
--- end probe ---
end: 2026-04-19 20:15:33 JST
