=== ACC-SESSION-COUNTER — sessions=0 settled evidence ===
context: Godot PID 85003 (Play MainScene) + PID 87766 (Editor) terminated via SIGTERM at 20:53:04
target: G-GEAR gateway http://192.168.3.85:8000/health
probe: 1Hz, 90s
start: 2026-04-19 20:53:04 JST
--- begin probe ---
20:53:04 {"schema_version":"0.1.0-m2","status":"ok","active_sessions":0}
20:53:05 {"schema_version":"0.1.0-m2","status":"ok","active_sessions":0}
20:53:06 {"schema_version":"0.1.0-m2","status":"ok","active_sessions":0}
20:53:07 {"schema_version":"0.1.0-m2","status":"ok","active_sessions":0}
20:53:08 {"schema_version":"0.1.0-m2","status":"ok","active_sessions":0}
20:53:09 {"schema_version":"0.1.0-m2","status":"ok","active_sessions":0}
20:53:10 {"schema_version":"0.1.0-m2","status":"ok","active_sessions":0}
20:53:11 {"schema_version":"0.1.0-m2","status":"ok","active_sessions":0}
20:53:12 {"schema_version":"0.1.0-m2","status":"ok","active_sessions":0}
20:53:13 {"schema_version":"0.1.0-m2","status":"ok","active_sessions":0}
20:53:14 {"schema_version":"0.1.0-m2","status":"ok","active_sessions":0}
20:53:15 {"schema_version":"0.1.0-m2","status":"ok","active_sessions":0}
20:53:16 {"schema_version":"0.1.0-m2","status":"ok","active_sessions":0}
20:53:17 {"schema_version":"0.1.0-m2","status":"ok","active_sessions":0}
20:53:18 {"schema_version":"0.1.0-m2","status":"ok","active_sessions":0}
20:53:20 {"schema_version":"0.1.0-m2","status":"ok","active_sessions":0}
20:53:21 {"schema_version":"0.1.0-m2","status":"ok","active_sessions":0}
20:53:22 {"schema_version":"0.1.0-m2","status":"ok","active_sessions":0}
20:53:23 {"schema_version":"0.1.0-m2","status":"ok","active_sessions":0}
20:53:24 {"schema_version":"0.1.0-m2","status":"ok","active_sessions":0}
20:53:25 {"schema_version":"0.1.0-m2","status":"ok","active_sessions":0}
20:53:26 {"schema_version":"0.1.0-m2","status":"ok","active_sessions":0}
20:53:27 {"schema_version":"0.1.0-m2","status":"ok","active_sessions":0}
20:53:28 {"schema_version":"0.1.0-m2","status":"ok","active_sessions":0}
20:53:29 {"schema_version":"0.1.0-m2","status":"ok","active_sessions":0}
20:53:30 {"schema_version":"0.1.0-m2","status":"ok","active_sessions":0}
20:53:31 {"schema_version":"0.1.0-m2","status":"ok","active_sessions":0}
20:53:32 {"schema_version":"0.1.0-m2","status":"ok","active_sessions":0}
20:53:33 {"schema_version":"0.1.0-m2","status":"ok","active_sessions":0}
20:53:34 {"schema_version":"0.1.0-m2","status":"ok","active_sessions":0}
20:53:35 {"schema_version":"0.1.0-m2","status":"ok","active_sessions":0}
20:53:36 {"schema_version":"0.1.0-m2","status":"ok","active_sessions":0}
20:53:38 {"schema_version":"0.1.0-m2","status":"ok","active_sessions":0}
20:53:39 {"schema_version":"0.1.0-m2","status":"ok","active_sessions":0}
20:53:40 {"schema_version":"0.1.0-m2","status":"ok","active_sessions":0}
20:53:41 {"schema_version":"0.1.0-m2","status":"ok","active_sessions":0}
20:53:42 {"schema_version":"0.1.0-m2","status":"ok","active_sessions":0}
20:53:43 {"schema_version":"0.1.0-m2","status":"ok","active_sessions":0}
20:53:44 {"schema_version":"0.1.0-m2","status":"ok","active_sessions":0}
20:53:45 {"schema_version":"0.1.0-m2","status":"ok","active_sessions":0}
20:53:46 {"schema_version":"0.1.0-m2","status":"ok","active_sessions":0}
20:53:47 {"schema_version":"0.1.0-m2","status":"ok","active_sessions":0}
20:53:48 {"schema_version":"0.1.0-m2","status":"ok","active_sessions":0}
20:53:49 {"schema_version":"0.1.0-m2","status":"ok","active_sessions":0}
20:53:50 {"schema_version":"0.1.0-m2","status":"ok","active_sessions":0}
20:53:51 {"schema_version":"0.1.0-m2","status":"ok","active_sessions":0}
20:53:52 {"schema_version":"0.1.0-m2","status":"ok","active_sessions":0}
20:53:53 {"schema_version":"0.1.0-m2","status":"ok","active_sessions":0}
20:53:54 {"schema_version":"0.1.0-m2","status":"ok","active_sessions":0}
20:53:55 {"schema_version":"0.1.0-m2","status":"ok","active_sessions":0}
20:53:56 {"schema_version":"0.1.0-m2","status":"ok","active_sessions":0}
20:53:57 {"schema_version":"0.1.0-m2","status":"ok","active_sessions":0}
20:53:59 {"schema_version":"0.1.0-m2","status":"ok","active_sessions":0}
20:54:00 {"schema_version":"0.1.0-m2","status":"ok","active_sessions":0}
20:54:01 {"schema_version":"0.1.0-m2","status":"ok","active_sessions":0}
20:54:02 {"schema_version":"0.1.0-m2","status":"ok","active_sessions":0}
20:54:03 {"schema_version":"0.1.0-m2","status":"ok","active_sessions":0}
20:54:04 {"schema_version":"0.1.0-m2","status":"ok","active_sessions":0}
20:54:05 {"schema_version":"0.1.0-m2","status":"ok","active_sessions":0}
20:54:06 {"schema_version":"0.1.0-m2","status":"ok","active_sessions":0}
20:54:07 {"schema_version":"0.1.0-m2","status":"ok","active_sessions":0}
20:54:08 {"schema_version":"0.1.0-m2","status":"ok","active_sessions":0}
20:54:09 {"schema_version":"0.1.0-m2","status":"ok","active_sessions":0}
20:54:10 {"schema_version":"0.1.0-m2","status":"ok","active_sessions":0}
20:54:11 {"schema_version":"0.1.0-m2","status":"ok","active_sessions":0}
20:54:12 {"schema_version":"0.1.0-m2","status":"ok","active_sessions":0}
20:54:13 {"schema_version":"0.1.0-m2","status":"ok","active_sessions":0}
20:54:14 {"schema_version":"0.1.0-m2","status":"ok","active_sessions":0}
20:54:15 {"schema_version":"0.1.0-m2","status":"ok","active_sessions":0}
20:54:16 {"schema_version":"0.1.0-m2","status":"ok","active_sessions":0}
20:54:18 {"schema_version":"0.1.0-m2","status":"ok","active_sessions":0}
20:54:19 {"schema_version":"0.1.0-m2","status":"ok","active_sessions":0}
20:54:20 {"schema_version":"0.1.0-m2","status":"ok","active_sessions":0}
20:54:21 {"schema_version":"0.1.0-m2","status":"ok","active_sessions":0}
20:54:22 {"schema_version":"0.1.0-m2","status":"ok","active_sessions":0}
20:54:23 {"schema_version":"0.1.0-m2","status":"ok","active_sessions":0}
20:54:24 {"schema_version":"0.1.0-m2","status":"ok","active_sessions":0}
20:54:25 {"schema_version":"0.1.0-m2","status":"ok","active_sessions":0}
20:54:26 {"schema_version":"0.1.0-m2","status":"ok","active_sessions":0}
20:54:27 {"schema_version":"0.1.0-m2","status":"ok","active_sessions":0}
20:54:28 {"schema_version":"0.1.0-m2","status":"ok","active_sessions":0}
20:54:29 {"schema_version":"0.1.0-m2","status":"ok","active_sessions":0}
20:54:30 {"schema_version":"0.1.0-m2","status":"ok","active_sessions":0}
20:54:31 {"schema_version":"0.1.0-m2","status":"ok","active_sessions":0}
20:54:32 {"schema_version":"0.1.0-m2","status":"ok","active_sessions":0}
20:54:33 {"schema_version":"0.1.0-m2","status":"ok","active_sessions":0}
20:54:35 {"schema_version":"0.1.0-m2","status":"ok","active_sessions":0}
20:54:36 {"schema_version":"0.1.0-m2","status":"ok","active_sessions":0}
20:54:37 {"schema_version":"0.1.0-m2","status":"ok","active_sessions":0}
20:54:38 {"schema_version":"0.1.0-m2","status":"ok","active_sessions":0}
--- end probe ---
end: 2026-04-19 20:54:39 JST
