# G-GEAR-side probe @ localhost:8000/health — cycle capture
# started=2026-04-19T20:39:00+09:00 host=mikoto-g-gear branch=feature/t19-macbook-godot-integration commit=ac9b691
# format: HH:MM:SS <raw_json_response>
20:39:00 {"schema_version":"0.1.0-m2","status":"ok","active_sessions":1}
20:39:02 {"schema_version":"0.1.0-m2","status":"ok","active_sessions":1}
20:39:03 {"schema_version":"0.1.0-m2","status":"ok","active_sessions":1}
20:39:04 {"schema_version":"0.1.0-m2","status":"ok","active_sessions":1}
20:39:06 {"schema_version":"0.1.0-m2","status":"ok","active_sessions":1}
20:39:07 {"schema_version":"0.1.0-m2","status":"ok","active_sessions":1}
20:39:08 {"schema_version":"0.1.0-m2","status":"ok","active_sessions":1}
20:39:09 {"schema_version":"0.1.0-m2","status":"ok","active_sessions":1}
20:39:11 {"schema_version":"0.1.0-m2","status":"ok","active_sessions":1}
20:39:12 {"schema_version":"0.1.0-m2","status":"ok","active_sessions":1}
20:39:13 {"schema_version":"0.1.0-m2","status":"ok","active_sessions":1}
20:39:14 {"schema_version":"0.1.0-m2","status":"ok","active_sessions":1}
20:39:16 {"schema_version":"0.1.0-m2","status":"ok","active_sessions":1}
20:39:17 {"schema_version":"0.1.0-m2","status":"ok","active_sessions":0}
20:39:18 {"schema_version":"0.1.0-m2","status":"ok","active_sessions":0}
20:39:20 {"schema_version":"0.1.0-m2","status":"ok","active_sessions":0}
20:39:21 {"schema_version":"0.1.0-m2","status":"ok","active_sessions":0}
20:39:22 {"schema_version":"0.1.0-m2","status":"ok","active_sessions":1}
20:39:23 {"schema_version":"0.1.0-m2","status":"ok","active_sessions":1}
20:39:25 {"schema_version":"0.1.0-m2","status":"ok","active_sessions":1}
20:39:26 {"schema_version":"0.1.0-m2","status":"ok","active_sessions":1}
20:39:27 {"schema_version":"0.1.0-m2","status":"ok","active_sessions":1}
20:39:29 {"schema_version":"0.1.0-m2","status":"ok","active_sessions":1}
20:39:30 {"schema_version":"0.1.0-m2","status":"ok","active_sessions":1}
20:39:31 {"schema_version":"0.1.0-m2","status":"ok","active_sessions":1}
20:39:32 {"schema_version":"0.1.0-m2","status":"ok","active_sessions":1}
20:39:34 {"schema_version":"0.1.0-m2","status":"ok","active_sessions":1}
20:39:35 {"schema_version":"0.1.0-m2","status":"ok","active_sessions":1}
20:39:36 {"schema_version":"0.1.0-m2","status":"ok","active_sessions":1}
20:39:37 {"schema_version":"0.1.0-m2","status":"ok","active_sessions":1}
20:39:39 {"schema_version":"0.1.0-m2","status":"ok","active_sessions":1}
20:39:40 {"schema_version":"0.1.0-m2","status":"ok","active_sessions":1}
20:39:41 {"schema_version":"0.1.0-m2","status":"ok","active_sessions":1}
20:39:43 {"schema_version":"0.1.0-m2","status":"ok","active_sessions":1}
20:39:44 {"schema_version":"0.1.0-m2","status":"ok","active_sessions":1}
20:39:45 {"schema_version":"0.1.0-m2","status":"ok","active_sessions":1}
20:39:46 {"schema_version":"0.1.0-m2","status":"ok","active_sessions":1}
20:39:48 {"schema_version":"0.1.0-m2","status":"ok","active_sessions":1}
20:39:49 {"schema_version":"0.1.0-m2","status":"ok","active_sessions":1}
20:39:50 {"schema_version":"0.1.0-m2","status":"ok","active_sessions":1}
20:39:52 {"schema_version":"0.1.0-m2","status":"ok","active_sessions":1}
20:39:53 {"schema_version":"0.1.0-m2","status":"ok","active_sessions":1}
20:39:54 {"schema_version":"0.1.0-m2","status":"ok","active_sessions":1}
20:39:55 {"schema_version":"0.1.0-m2","status":"ok","active_sessions":1}
20:39:57 {"schema_version":"0.1.0-m2","status":"ok","active_sessions":1}
20:39:58 {"schema_version":"0.1.0-m2","status":"ok","active_sessions":1}
20:39:59 {"schema_version":"0.1.0-m2","status":"ok","active_sessions":1}
20:40:00 {"schema_version":"0.1.0-m2","status":"ok","active_sessions":1}
20:40:02 {"schema_version":"0.1.0-m2","status":"ok","active_sessions":1}
20:40:03 {"schema_version":"0.1.0-m2","status":"ok","active_sessions":1}
20:40:04 {"schema_version":"0.1.0-m2","status":"ok","active_sessions":1}
20:40:06 {"schema_version":"0.1.0-m2","status":"ok","active_sessions":1}
20:40:07 {"schema_version":"0.1.0-m2","status":"ok","active_sessions":1}
20:40:08 {"schema_version":"0.1.0-m2","status":"ok","active_sessions":1}
20:40:09 {"schema_version":"0.1.0-m2","status":"ok","active_sessions":1}
20:40:11 {"schema_version":"0.1.0-m2","status":"ok","active_sessions":1}
20:40:12 {"schema_version":"0.1.0-m2","status":"ok","active_sessions":1}
20:40:13 {"schema_version":"0.1.0-m2","status":"ok","active_sessions":1}
20:40:14 {"schema_version":"0.1.0-m2","status":"ok","active_sessions":1}
20:40:16 {"schema_version":"0.1.0-m2","status":"ok","active_sessions":1}
20:40:17 {"schema_version":"0.1.0-m2","status":"ok","active_sessions":1}
20:40:18 {"schema_version":"0.1.0-m2","status":"ok","active_sessions":1}
20:40:20 {"schema_version":"0.1.0-m2","status":"ok","active_sessions":1}
20:40:21 {"schema_version":"0.1.0-m2","status":"ok","active_sessions":1}
20:40:22 {"schema_version":"0.1.0-m2","status":"ok","active_sessions":0}
20:40:23 {"schema_version":"0.1.0-m2","status":"ok","active_sessions":0}
20:40:25 {"schema_version":"0.1.0-m2","status":"ok","active_sessions":0}
20:40:26 {"schema_version":"0.1.0-m2","status":"ok","active_sessions":0}
20:40:27 {"schema_version":"0.1.0-m2","status":"ok","active_sessions":1}
20:40:29 {"schema_version":"0.1.0-m2","status":"ok","active_sessions":1}
20:40:30 {"schema_version":"0.1.0-m2","status":"ok","active_sessions":1}
20:40:31 {"schema_version":"0.1.0-m2","status":"ok","active_sessions":1}
20:40:32 {"schema_version":"0.1.0-m2","status":"ok","active_sessions":1}
20:40:34 {"schema_version":"0.1.0-m2","status":"ok","active_sessions":1}
20:40:35 {"schema_version":"0.1.0-m2","status":"ok","active_sessions":1}
20:40:36 {"schema_version":"0.1.0-m2","status":"ok","active_sessions":1}
20:40:37 {"schema_version":"0.1.0-m2","status":"ok","active_sessions":1}
20:40:39 {"schema_version":"0.1.0-m2","status":"ok","active_sessions":1}
20:40:40 {"schema_version":"0.1.0-m2","status":"ok","active_sessions":1}
20:40:41 {"schema_version":"0.1.0-m2","status":"ok","active_sessions":1}
20:40:43 {"schema_version":"0.1.0-m2","status":"ok","active_sessions":1}
20:40:44 {"schema_version":"0.1.0-m2","status":"ok","active_sessions":1}
20:40:45 {"schema_version":"0.1.0-m2","status":"ok","active_sessions":1}
20:40:46 {"schema_version":"0.1.0-m2","status":"ok","active_sessions":1}
20:40:48 {"schema_version":"0.1.0-m2","status":"ok","active_sessions":1}
20:40:49 {"schema_version":"0.1.0-m2","status":"ok","active_sessions":1}
20:40:50 {"schema_version":"0.1.0-m2","status":"ok","active_sessions":1}
20:40:51 {"schema_version":"0.1.0-m2","status":"ok","active_sessions":1}
20:40:53 {"schema_version":"0.1.0-m2","status":"ok","active_sessions":1}
20:40:54 {"schema_version":"0.1.0-m2","status":"ok","active_sessions":1}
20:40:55 {"schema_version":"0.1.0-m2","status":"ok","active_sessions":1}
20:40:57 {"schema_version":"0.1.0-m2","status":"ok","active_sessions":1}
20:40:58 {"schema_version":"0.1.0-m2","status":"ok","active_sessions":1}
20:40:59 {"schema_version":"0.1.0-m2","status":"ok","active_sessions":1}
20:41:00 {"schema_version":"0.1.0-m2","status":"ok","active_sessions":1}
20:41:02 {"schema_version":"0.1.0-m2","status":"ok","active_sessions":1}
20:41:03 {"schema_version":"0.1.0-m2","status":"ok","active_sessions":1}
20:41:04 {"schema_version":"0.1.0-m2","status":"ok","active_sessions":1}
20:41:05 {"schema_version":"0.1.0-m2","status":"ok","active_sessions":1}
20:41:07 {"schema_version":"0.1.0-m2","status":"ok","active_sessions":1}
20:41:08 {"schema_version":"0.1.0-m2","status":"ok","active_sessions":1}
20:41:09 {"schema_version":"0.1.0-m2","status":"ok","active_sessions":1}
20:41:11 {"schema_version":"0.1.0-m2","status":"ok","active_sessions":1}
20:41:12 {"schema_version":"0.1.0-m2","status":"ok","active_sessions":1}
20:41:13 {"schema_version":"0.1.0-m2","status":"ok","active_sessions":1}
20:41:14 {"schema_version":"0.1.0-m2","status":"ok","active_sessions":1}
20:41:16 {"schema_version":"0.1.0-m2","status":"ok","active_sessions":1}
20:41:17 {"schema_version":"0.1.0-m2","status":"ok","active_sessions":1}
20:41:18 {"schema_version":"0.1.0-m2","status":"ok","active_sessions":1}
20:41:20 {"schema_version":"0.1.0-m2","status":"ok","active_sessions":1}
20:41:21 {"schema_version":"0.1.0-m2","status":"ok","active_sessions":1}
20:41:22 {"schema_version":"0.1.0-m2","status":"ok","active_sessions":1}
20:41:23 {"schema_version":"0.1.0-m2","status":"ok","active_sessions":1}
20:41:25 {"schema_version":"0.1.0-m2","status":"ok","active_sessions":1}
20:41:26 {"schema_version":"0.1.0-m2","status":"ok","active_sessions":1}
20:41:27 {"schema_version":"0.1.0-m2","status":"ok","active_sessions":0}
20:41:28 {"schema_version":"0.1.0-m2","status":"ok","active_sessions":0}
20:41:30 {"schema_version":"0.1.0-m2","status":"ok","active_sessions":0}
20:41:31 {"schema_version":"0.1.0-m2","status":"ok","active_sessions":0}
20:41:32 {"schema_version":"0.1.0-m2","status":"ok","active_sessions":1}
20:41:34 {"schema_version":"0.1.0-m2","status":"ok","active_sessions":1}
20:41:35 {"schema_version":"0.1.0-m2","status":"ok","active_sessions":1}
20:41:36 {"schema_version":"0.1.0-m2","status":"ok","active_sessions":1}
20:41:37 {"schema_version":"0.1.0-m2","status":"ok","active_sessions":1}
20:41:39 {"schema_version":"0.1.0-m2","status":"ok","active_sessions":1}
20:41:40 {"schema_version":"0.1.0-m2","status":"ok","active_sessions":1}
20:41:41 {"schema_version":"0.1.0-m2","status":"ok","active_sessions":1}
20:41:42 {"schema_version":"0.1.0-m2","status":"ok","active_sessions":1}
20:41:44 {"schema_version":"0.1.0-m2","status":"ok","active_sessions":1}
20:41:45 {"schema_version":"0.1.0-m2","status":"ok","active_sessions":1}
20:41:46 {"schema_version":"0.1.0-m2","status":"ok","active_sessions":1}
20:41:48 {"schema_version":"0.1.0-m2","status":"ok","active_sessions":1}
20:41:49 {"schema_version":"0.1.0-m2","status":"ok","active_sessions":1}
20:41:50 {"schema_version":"0.1.0-m2","status":"ok","active_sessions":1}
20:41:51 {"schema_version":"0.1.0-m2","status":"ok","active_sessions":1}
20:41:53 {"schema_version":"0.1.0-m2","status":"ok","active_sessions":1}
20:41:54 {"schema_version":"0.1.0-m2","status":"ok","active_sessions":1}
20:41:55 {"schema_version":"0.1.0-m2","status":"ok","active_sessions":1}
20:41:57 {"schema_version":"0.1.0-m2","status":"ok","active_sessions":1}
20:41:58 {"schema_version":"0.1.0-m2","status":"ok","active_sessions":1}
20:41:59 {"schema_version":"0.1.0-m2","status":"ok","active_sessions":1}
20:42:00 {"schema_version":"0.1.0-m2","status":"ok","active_sessions":1}
20:42:02 {"schema_version":"0.1.0-m2","status":"ok","active_sessions":1}
20:42:03 {"schema_version":"0.1.0-m2","status":"ok","active_sessions":1}
20:42:04 {"schema_version":"0.1.0-m2","status":"ok","active_sessions":1}
20:42:06 {"schema_version":"0.1.0-m2","status":"ok","active_sessions":1}
20:42:07 {"schema_version":"0.1.0-m2","status":"ok","active_sessions":1}
20:42:08 {"schema_version":"0.1.0-m2","status":"ok","active_sessions":1}
20:42:09 {"schema_version":"0.1.0-m2","status":"ok","active_sessions":1}
20:42:11 {"schema_version":"0.1.0-m2","status":"ok","active_sessions":1}
20:42:12 {"schema_version":"0.1.0-m2","status":"ok","active_sessions":1}
20:42:13 {"schema_version":"0.1.0-m2","status":"ok","active_sessions":1}
20:42:14 {"schema_version":"0.1.0-m2","status":"ok","active_sessions":1}
20:42:16 {"schema_version":"0.1.0-m2","status":"ok","active_sessions":1}
20:42:17 {"schema_version":"0.1.0-m2","status":"ok","active_sessions":1}
20:42:18 {"schema_version":"0.1.0-m2","status":"ok","active_sessions":1}
20:42:20 {"schema_version":"0.1.0-m2","status":"ok","active_sessions":1}
20:42:21 {"schema_version":"0.1.0-m2","status":"ok","active_sessions":1}
20:42:22 {"schema_version":"0.1.0-m2","status":"ok","active_sessions":1}
20:42:23 {"schema_version":"0.1.0-m2","status":"ok","active_sessions":1}
20:42:25 {"schema_version":"0.1.0-m2","status":"ok","active_sessions":1}
20:42:26 {"schema_version":"0.1.0-m2","status":"ok","active_sessions":1}
20:42:27 {"schema_version":"0.1.0-m2","status":"ok","active_sessions":1}
20:42:29 {"schema_version":"0.1.0-m2","status":"ok","active_sessions":1}
20:42:30 {"schema_version":"0.1.0-m2","status":"ok","active_sessions":1}
20:42:31 {"schema_version":"0.1.0-m2","status":"ok","active_sessions":1}
20:42:32 {"schema_version":"0.1.0-m2","status":"ok","active_sessions":0}
20:42:34 {"schema_version":"0.1.0-m2","status":"ok","active_sessions":0}
20:42:35 {"schema_version":"0.1.0-m2","status":"ok","active_sessions":0}
20:42:36 {"schema_version":"0.1.0-m2","status":"ok","active_sessions":0}
20:42:37 {"schema_version":"0.1.0-m2","status":"ok","active_sessions":1}
20:42:39 {"schema_version":"0.1.0-m2","status":"ok","active_sessions":1}
20:42:40 {"schema_version":"0.1.0-m2","status":"ok","active_sessions":1}
20:42:41 {"schema_version":"0.1.0-m2","status":"ok","active_sessions":1}
20:42:43 {"schema_version":"0.1.0-m2","status":"ok","active_sessions":1}
20:42:44 {"schema_version":"0.1.0-m2","status":"ok","active_sessions":1}
20:42:45 {"schema_version":"0.1.0-m2","status":"ok","active_sessions":1}
20:42:46 {"schema_version":"0.1.0-m2","status":"ok","active_sessions":1}
20:42:48 {"schema_version":"0.1.0-m2","status":"ok","active_sessions":1}
20:42:49 {"schema_version":"0.1.0-m2","status":"ok","active_sessions":1}
# ended=2026-04-19T20:42:50+09:00
