=== ACC-SESSION-COUNTER — delayed disconnect sample (30s wait then 60s probe) ===
capture start: 2026-04-19 20:37:09 JST
--- initial 30s wait ---
20:37:09 {"schema_version":"0.1.0-m2","status":"ok","active_sessions":0}
20:37:19 {"schema_version":"0.1.0-m2","status":"ok","active_sessions":1}
20:37:29 {"schema_version":"0.1.0-m2","status":"ok","active_sessions":1}
--- 60s probe ---
20:37:39 sessions=1
20:37:40 sessions=1
20:37:41 sessions=1
20:37:42 sessions=1
20:37:44 sessions=1
20:37:45 sessions=1
20:37:46 sessions=1
20:37:47 sessions=1
20:37:48 sessions=1
20:37:49 sessions=1
20:37:50 sessions=1
20:37:51 sessions=1
20:37:52 sessions=1
20:37:53 sessions=1
20:37:54 sessions=1
20:37:55 sessions=1
20:37:56 sessions=1
20:37:57 sessions=1
20:37:58 sessions=1
20:37:59 sessions=1
20:38:01 sessions=1
20:38:02 sessions=1
20:38:03 sessions=1
20:38:04 sessions=1
20:38:05 sessions=1
20:38:06 sessions=1
20:38:07 sessions=1
20:38:08 sessions=1
20:38:09 sessions=1
20:38:10 sessions=1
20:38:11 sessions=0
20:38:12 sessions=0
20:38:13 sessions=0
20:38:14 sessions=0
20:38:16 sessions=1
20:38:17 sessions=1
20:38:18 sessions=1
20:38:19 sessions=1
20:38:20 sessions=1
20:38:21 sessions=1
20:38:22 sessions=1
20:38:23 sessions=1
20:38:24 sessions=1
20:38:25 sessions=1
20:38:26 sessions=1
20:38:27 sessions=1
20:38:28 sessions=1
20:38:29 sessions=1
20:38:30 sessions=1
20:38:31 sessions=1
20:38:32 sessions=1
20:38:34 sessions=1
20:38:35 sessions=1
20:38:36 sessions=1
20:38:37 sessions=1
20:38:38 sessions=1
20:38:39 sessions=1
20:38:40 sessions=1
20:38:41 sessions=1
20:38:42 sessions=1
capture end: 2026-04-19 20:38:43 JST
