=== ACC-SESSION-COUNTER probe #2 (from MacBook → G-GEAR 192.168.3.85:8000) ===
start: 2026-04-19 20:16:18 JST
target: existing gateway (PID 20220)
--- begin probe (1Hz, 180s) ---
20:16:18 sessions=0 status=ok
20:16:19 sessions=0 status=ok
20:16:20 sessions=0 status=ok
20:16:21 sessions=0 status=ok
20:16:22 sessions=0 status=ok
20:16:23 sessions=0 status=ok
20:16:24 sessions=0 status=ok
20:16:25 sessions=0 status=ok
20:16:26 sessions=0 status=ok
20:16:27 sessions=0 status=ok
20:16:29 sessions=0 status=ok
20:16:30 sessions=0 status=ok
20:16:31 sessions=0 status=ok
20:16:32 sessions=0 status=ok
20:16:33 sessions=0 status=ok
20:16:34 sessions=0 status=ok
20:16:35 sessions=0 status=ok
20:16:36 sessions=0 status=ok
20:16:37 sessions=0 status=ok
20:16:38 sessions=0 status=ok
20:16:39 sessions=0 status=ok
20:16:40 sessions=0 status=ok
20:16:41 sessions=0 status=ok
20:16:42 sessions=0 status=ok
20:16:43 sessions=0 status=ok
20:16:45 sessions=0 status=ok
20:16:46 sessions=0 status=ok
20:16:47 sessions=0 status=ok
20:16:48 sessions=0 status=ok
20:16:49 sessions=0 status=ok
20:16:50 sessions=0 status=ok
20:16:51 sessions=0 status=ok
20:16:52 sessions=0 status=ok
20:16:53 sessions=0 status=ok
20:16:54 sessions=0 status=ok
20:16:55 sessions=0 status=ok
20:16:56 sessions=0 status=ok
20:16:57 sessions=0 status=ok
20:16:58 sessions=0 status=ok
20:16:59 sessions=0 status=ok
20:17:01 sessions=0 status=ok
20:17:02 sessions=0 status=ok
20:17:03 sessions=0 status=ok
20:17:04 sessions=0 status=ok
20:17:05 sessions=0 status=ok
20:17:06 sessions=0 status=ok
20:17:07 sessions=0 status=ok
20:17:08 sessions=0 status=ok
20:17:09 sessions=0 status=ok
20:17:10 sessions=0 status=ok
20:17:11 sessions=0 status=ok
20:17:12 sessions=0 status=ok
20:17:13 sessions=0 status=ok
20:17:15 sessions=0 status=ok
20:17:16 sessions=0 status=ok
20:17:17 sessions=0 status=ok
20:17:18 sessions=0 status=ok
20:17:19 sessions=0 status=ok
20:17:20 sessions=0 status=ok
20:17:21 sessions=0 status=ok
20:17:22 sessions=0 status=ok
20:17:23 sessions=0 status=ok
20:17:24 sessions=0 status=ok
20:17:25 sessions=0 status=ok
20:17:26 sessions=0 status=ok
20:17:27 sessions=0 status=ok
20:17:28 sessions=0 status=ok
20:17:29 sessions=0 status=ok
20:17:30 sessions=0 status=ok
20:17:31 sessions=0 status=ok
20:17:33 sessions=0 status=ok
20:17:34 sessions=0 status=ok
20:17:35 sessions=0 status=ok
20:17:36 sessions=0 status=ok
20:17:37 sessions=0 status=ok
20:17:38 sessions=0 status=ok
20:17:39 sessions=0 status=ok
20:17:40 sessions=0 status=ok
20:17:41 sessions=0 status=ok
20:17:42 sessions=0 status=ok
20:17:43 sessions=0 status=ok
20:17:44 sessions=0 status=ok
20:17:45 sessions=0 status=ok
20:17:46 sessions=0 status=ok
20:17:48 sessions=0 status=ok
20:17:49 sessions=0 status=ok
20:17:50 sessions=0 status=ok
20:17:51 sessions=0 status=ok
20:17:52 sessions=0 status=ok
20:17:53 sessions=0 status=ok
20:17:54 sessions=0 status=ok
20:17:55 sessions=0 status=ok
20:17:56 sessions=0 status=ok
20:17:57 sessions=0 status=ok
20:17:58 sessions=0 status=ok
20:17:59 sessions=0 status=ok
20:18:00 sessions=0 status=ok
20:18:01 sessions=0 status=ok
20:18:03 sessions=0 status=ok
20:18:04 sessions=0 status=ok
20:18:05 sessions=0 status=ok
20:18:06 sessions=0 status=ok
20:18:07 sessions=0 status=ok
20:18:08 sessions=0 status=ok
20:18:09 sessions=0 status=ok
20:18:10 sessions=0 status=ok
20:18:11 sessions=0 status=ok
20:18:12 sessions=0 status=ok
20:18:13 sessions=0 status=ok
20:18:14 sessions=0 status=ok
20:18:15 sessions=0 status=ok
20:18:16 sessions=0 status=ok
20:18:17 sessions=0 status=ok
20:18:18 sessions=0 status=ok
20:18:20 sessions=0 status=ok
20:18:21 sessions=0 status=ok
20:18:22 sessions=0 status=ok
20:18:23 sessions=0 status=ok
20:18:24 sessions=0 status=ok
20:18:25 sessions=0 status=ok
20:18:26 sessions=0 status=ok
20:18:27 sessions=0 status=ok
20:18:28 sessions=0 status=ok
20:18:29 sessions=0 status=ok
20:18:30 sessions=0 status=ok
20:18:31 sessions=0 status=ok
20:18:32 sessions=0 status=ok
20:18:33 sessions=0 status=ok
20:18:35 sessions=0 status=ok
20:18:36 sessions=0 status=ok
20:18:37 sessions=0 status=ok
20:18:38 sessions=0 status=ok
20:18:39 sessions=0 status=ok
20:18:40 sessions=0 status=ok
20:18:41 sessions=0 status=ok
20:18:42 sessions=0 status=ok
20:18:43 sessions=0 status=ok
20:18:44 sessions=0 status=ok
20:18:45 sessions=0 status=ok
20:18:46 sessions=0 status=ok
20:18:47 sessions=0 status=ok
20:18:48 sessions=0 status=ok
20:18:50 sessions=0 status=ok
20:18:51 sessions=0 status=ok
20:18:52 sessions=0 status=ok
20:18:53 sessions=0 status=ok
20:18:54 sessions=0 status=ok
20:18:55 sessions=0 status=ok
20:18:56 sessions=0 status=ok
20:18:57 sessions=0 status=ok
20:18:58 sessions=0 status=ok
20:18:59 sessions=0 status=ok
20:19:00 sessions=0 status=ok
20:19:01 sessions=0 status=ok
20:19:02 sessions=0 status=ok
20:19:03 sessions=0 status=ok
20:19:04 sessions=0 status=ok
20:19:06 sessions=0 status=ok
20:19:07 sessions=0 status=ok
20:19:08 sessions=0 status=ok
20:19:09 sessions=0 status=ok
20:19:10 sessions=0 status=ok
20:19:11 sessions=0 status=ok
20:19:12 sessions=0 status=ok
20:19:13 sessions=0 status=ok
20:19:14 sessions=0 status=ok
20:19:15 sessions=0 status=ok
20:19:16 sessions=0 status=ok
20:19:17 sessions=0 status=ok
20:19:18 sessions=0 status=ok
20:19:19 sessions=0 status=ok
20:19:20 sessions=0 status=ok
20:19:22 sessions=0 status=ok
20:19:23 sessions=0 status=ok
20:19:24 sessions=0 status=ok
20:19:25 sessions=0 status=ok
20:19:26 sessions=0 status=ok
20:19:27 sessions=0 status=ok
20:19:28 sessions=0 status=ok
20:19:29 sessions=0 status=ok
--- end probe ---
end: 2026-04-19 20:19:30 JST
